2022-11-08 10:07:27 #00000001 <info>: Log initialized
2022-11-08 10:07:29 #00000004 <info>: INSERT INTO VARIABLE_VALUES (ID_VARIABLE, VALUE, INFO_DATE)  VALUES (5,60, FROM_UNIXTIME(1667898449, '%Y-%m-%d %H:%i:%s' ))
2022-11-08 10:07:29 #00000005 <info>: Data insert OK
2022-11-08 10:07:29 #00000006 <info>: Hemos conectado con la DB para hacer gets de info
2022-11-08 10:07:29 #00000007 <info>: SELECT Value ,UNIX_TIMESTAMP(INFO_DATE) as udate FROM variable_Values WHERE id_variable = 5
2022-11-08 10:07:29 #00000008 <info>: Found inserted data at that time
2022-11-08 10:07:29 #00000009 <info>: Hemos conectado con la DB para hacer updates de info
2022-11-08 10:07:29 #0000000a <info>: SELECT Value ,UNIX_TIMESTAMP(INFO_DATE) as udate FROM variable_Values WHERE id_variable = 5
2022-11-08 10:07:29 #0000000b <info>: UPDATE: Found inserted data at that time
2022-11-08 10:07:29 #0000000c <info>:  UPDATE variable_values SET VALUE = 61 WHERE(ID_VARIABLE = 5 AND INFO_DATE = FROM_UNIXTIME(1667898449));
2022-11-08 10:07:29 #0000000d <info>: Data insert OK
2022-11-08 10:07:29 #0000000e <info>: Hemos conectado con la DB para hacer gets de info
2022-11-08 10:07:29 #0000000f <info>: SELECT Value ,UNIX_TIMESTAMP(INFO_DATE) as udate FROM variable_Values WHERE id_variable = 5
2022-11-08 10:07:29 #00000010 <info>: POSTUPDATE:Found inserted data at that time
2022-11-08 10:07:29 #00000011 <info>: Hemos conectado con la DB para hacer updates de info
2022-11-08 10:07:29 #00000012 <info>:  DELETE FROM variable_values WHERE id_variable = 5 AND info_date  = FROM_UNIXTIME( 1667898449);
2022-11-08 10:07:29 #00000013 <info>: Data insert OK
2022-11-08 10:07:29 #00000014 <info>: Hemos conectado con la DB para hacer gets de info
2022-11-08 10:07:29 #00000015 <info>: SELECT Value ,UNIX_TIMESTAMP(INFO_DATE) as udate FROM variable_Values WHERE id_variable = 5
2022-11-08 10:07:29 #00000016 <info>: DELETE: We looked for value of that id on that time but found no data
